<?xml version="1.0" encoding="UTF-8"?>
<!-- Generated by org.testng.reporters.JUnitXMLReporter -->
<testsuite ignored="0" hostname="md2f9j9c" failures="1" tests="4" name="Command line test" time="9.34" errors="0" timestamp="2021-08-26T15:46:45 IST">
  <testcase classname="Academy.E2EProject.HomePageTest" name="basePageNavigation" time="2.19"/>
  <testcase classname="Academy.E2EProject.HomePageTest" name="basePageNavigation" time="1.422"/>
  <testcase classname="Academy.E2EProject.validateNavigationBarTest" name="basePageNavigation" time="0.08"/>
  <testcase classname="Academy.E2EProject.validateTitleTest" name="basePageNavigationTitle" time="0.036">
    <failure type="java.lang.AssertionError" message="expected [true] but found [false]">
      <![CDATA[java.lang.AssertionError: expected [true] but found [false]
at Academy.E2EProject.validateTitleTest.basePageNavigationTitle(validateTitleTest.java:36)
at java.base/java.util.ArrayList.forEach(ArrayList.java:1541)
... Removed 41 stack frames]]>
    </failure>
  </testcase> <!-- basePageNavigationTitle -->
</testsuite> <!-- Command line test -->
